Using pre-set license
Built from '2021.3/staging' branch; Version is '2021.3.10f1 (1c7d0df0160b) revision 1867021'; Using compiler version '192829333'; Build Type 'Release'
OS: 'Windows 10  (10.0.19044) 64bit Core' Language: 'en' Physical Memory: 16191 MB
BatchMode: 1, IsHumanControllingUs: 0, StartBugReporterOnCrash: 0, Is64bit: 1, IsPro: 1

COMMAND LINE ARGUMENTS:
C:\Program Files\Unity 2021.3.10f1\Editor\Unity.exe
-adb2
-batchMode
-noUpm
-name
AssetImportWorker1
-projectPath
C:/Users/radla/Documents/GitHub/wet-dream/TakingPicture
-logFile
Logs/AssetImportWorker1.log
-srvPort
54293
Successfully changed project path to: C:/Users/radla/Documents/GitHub/wet-dream/TakingPicture
C:/Users/radla/Documents/GitHub/wet-dream/TakingPicture
[UnityMemory] Configuration Parameters - Can be set up in boot.config
    "memorysetup-bucket-allocator-granularity=16"
    "memorysetup-bucket-allocator-bucket-count=8"
    "memorysetup-bucket-allocator-block-size=33554432"
    "memorysetup-bucket-allocator-block-count=8"
    "memorysetup-main-allocator-block-size=16777216"
    "memorysetup-thread-allocator-block-size=16777216"
    "memorysetup-gfx-main-allocator-block-size=16777216"
    "memorysetup-gfx-thread-allocator-block-size=16777216"
    "memorysetup-cache-allocator-block-size=4194304"
    "memorysetup-typetree-allocator-block-size=2097152"
    "memorysetup-profiler-bucket-allocator-granularity=16"
    "memorysetup-profiler-bucket-allocator-bucket-count=8"
    "memorysetup-profiler-bucket-allocator-block-size=33554432"
    "memorysetup-profiler-bucket-allocator-block-count=8"
    "memorysetup-profiler-allocator-block-size=16777216"
    "memorysetup-profiler-editor-allocator-block-size=1048576"
    "memorysetup-temp-allocator-size-main=16777216"
    "memorysetup-job-temp-allocator-block-size=2097152"
    "memorysetup-job-temp-allocator-block-size-background=1048576"
    "memorysetup-job-temp-allocator-reduction-small-platforms=262144"
    "memorysetup-temp-allocator-size-background-worker=32768"
    "memorysetup-temp-allocator-size-job-worker=262144"
    "memorysetup-temp-allocator-size-preload-manager=33554432"
    "memorysetup-temp-allocator-size-nav-mesh-worker=65536"
    "memorysetup-temp-allocator-size-audio-worker=65536"
    "memorysetup-temp-allocator-size-cloud-worker=32768"
    "memorysetup-temp-allocator-size-gi-baking-worker=262144"
    "memorysetup-temp-allocator-size-gfx=262144"
Refreshing native plugins compatible for Editor in 168.63 ms, found 3 plugins.
Preloading 0 native plugins for Editor in 0.00 ms.
Initialize engine version: 2021.3.10f1 (1c7d0df0160b)
[Subsystems] Discovering subsystems at path C:/Program Files/Unity 2021.3.10f1/Editor/Data/Resources/UnitySubsystems
[Subsystems] Discovering subsystems at path C:/Users/radla/Documents/GitHub/wet-dream/TakingPicture/Assets
GfxDevice: creating device client; threaded=0; jobified=0
Direct3D:
    Version:  Direct3D 11.0 [level 11.1]
    Renderer: NVIDIA GeForce GTX 1660 Ti (ID=0x2191)
    Vendor:   NVIDIA
    VRAM:     5991 MB
    Driver:   30.0.15.1278
Initialize mono
Mono path[0] = 'C:/Program Files/Unity 2021.3.10f1/Editor/Data/Managed'
Mono path[1] = 'C:/Program Files/Unity 2021.3.10f1/Editor/Data/MonoBleedingEdge/lib/mono/unityjit-win32'
Mono config path = 'C:/Program Files/Unity 2021.3.10f1/Editor/Data/MonoBleedingEdge/etc'
Using monoOptions --debugger-agent=transport=dt_socket,embedding=1,server=y,suspend=n,address=127.0.0.1:56876
Begin MonoManager ReloadAssembly
Registering precompiled unity dll's ...
Register platform support module: C:/Program Files/Unity 2021.3.10f1/Editor/Data/PlaybackEngines/WindowsStandaloneSupport/UnityEditor.WindowsStandalone.Extensions.dll
Registered in 0.011687 seconds.
Native extension for WindowsStandalone target not found
Refreshing native plugins compatible for Editor in 142.95 ms, found 3 plugins.
Preloading 0 native plugins for Editor in 0.00 ms.
Mono: successfully reloaded assembly
- Completed reload, in  1.048 seconds
Domain Reload Profiling:
	ReloadAssembly (1049ms)
		BeginReloadAssembly (113ms)
			ExecutionOrderSort (0ms)
			DisableScriptedObjects (0ms)
			BackupInstance (0ms)
			ReleaseScriptingObjects (0ms)
			CreateAndSetChildDomain (1ms)
		EndReloadAssembly (759ms)
			LoadAssemblies (109ms)
			RebuildTransferFunctionScriptingTraits (0ms)
			SetupTypeCache (168ms)
			ReleaseScriptCaches (0ms)
			RebuildScriptCaches (54ms)
			SetupLoadedEditorAssemblies (453ms)
				LogAssemblyErrors (0ms)
				InitializePlatformSupportModulesInManaged (13ms)
				SetLoadedEditorAssemblies (0ms)
				RefreshPlugins (143ms)
				BeforeProcessingInitializeOnLoad (2ms)
				ProcessInitializeOnLoadAttributes (226ms)
				ProcessInitializeOnLoadMethodAttributes (68ms)
				AfterProcessingInitializeOnLoad (0ms)
				EditorAssembliesLoaded (0ms)
			ExecutionOrderSort2 (0ms)
			AwakeInstancesAfterBackupRestoration (0ms)
Platform modules already initialized, skipping
Registering precompiled user dll's ...
Registered in 0.011356 seconds.
Begin MonoManager ReloadAssembly
Symbol file LoadedFromMemory doesn't match image C:\Users\radla\Documents\GitHub\wet-dream\TakingPicture\Library\PackageCache\com.unity.visualscripting@1.7.8\Editor\VisualScripting.Core\Dependencies\YamlDotNet\Unity.VisualScripting.YamlDotNet.dll
Symbol file LoadedFromMemory doesn't match image C:\Users\radla\Documents\GitHub\wet-dream\TakingPicture\Library\PackageCache\com.unity.visualscripting@1.7.8\Editor\VisualScripting.Core\Dependencies\DotNetZip\Unity.VisualScripting.IonicZip.dll
Native extension for WindowsStandalone target not found
Refreshing native plugins compatible for Editor in 134.96 ms, found 3 plugins.
Preloading 0 native plugins for Editor in 0.00 ms.
Mono: successfully reloaded assembly
- Completed reload, in  1.942 seconds
Domain Reload Profiling:
	ReloadAssembly (1943ms)
		BeginReloadAssembly (180ms)
			ExecutionOrderSort (0ms)
			DisableScriptedObjects (8ms)
			BackupInstance (0ms)
			ReleaseScriptingObjects (0ms)
			CreateAndSetChildDomain (28ms)
		EndReloadAssembly (1581ms)
			LoadAssemblies (160ms)
			RebuildTransferFunctionScriptingTraits (0ms)
			SetupTypeCache (434ms)
			ReleaseScriptCaches (1ms)
			RebuildScriptCaches (109ms)
			SetupLoadedEditorAssemblies (823ms)
				LogAssemblyErrors (0ms)
				InitializePlatformSupportModulesInManaged (8ms)
				SetLoadedEditorAssemblies (0ms)
				RefreshPlugins (135ms)
				BeforeProcessingInitializeOnLoad (137ms)
				ProcessInitializeOnLoadAttributes (491ms)
				ProcessInitializeOnLoadMethodAttributes (37ms)
				AfterProcessingInitializeOnLoad (14ms)
				EditorAssembliesLoaded (0ms)
			ExecutionOrderSort2 (0ms)
			AwakeInstancesAfterBackupRestoration (11ms)
Platform modules already initialized, skipping
========================================================================
Worker process is ready to serve import requests
Launched and connected shader compiler UnityShaderCompiler.exe after 0.19 seconds
Refreshing native plugins compatible for Editor in 1.79 ms, found 3 plugins.
Preloading 0 native plugins for Editor in 0.00 ms.
Unloading 4081 Unused Serialized files (Serialized files now loaded: 0)
Unloading 43 unused Assets / (185.2 KB). Loaded Objects now: 4554.
Memory consumption went from 166.2 MB to 166.0 MB.
Total: 6.693800 ms (FindLiveObjects: 0.520000 ms CreateObjectMapping: 0.505200 ms MarkObjects: 5.356300 ms  DeleteObjects: 0.310100 ms)

AssetImportParameters requested are different than current active one (requested -> active):
  custom:video-decoder-ogg-theora: a1e56fd34408186e4bbccfd4996cb3dc -> 
  custom:container-muxer-webm: aa71ff27fc2769a1b78a27578f13a17b -> 
  custom:container-demuxer-webm: 4f35f7cbe854078d1ac9338744f61a02 -> 
  custom:video-encoder-webm-vp8: eb34c28f22e8b96e1ab97ce403110664 -> 
  custom:video-codec-MediaFoundation-h265: 746d11721c4dcdbdad8f713fa42b33f4 -> 
  custom:audio-encoder-webm-vorbis: bf7c407c2cedff20999df2af8eb42d56 -> 
  custom:framework-win-MediaFoundation: 216162199b28c13a410421893ffa2e32 -> 
  custom:container-demuxer-ogg: 62fdf1f143b41e24485cea50d1cbac27 -> 
  custom:video-decoder-webm-vp8: 9c59270c3fd7afecdb556c50c9e8de78 -> 
  custom:audio-decoder-ogg-vorbis: bf7c407c2cedff20999df2af8eb42d56 -> 
========================================================================
Received Import Request.
  Time since last request: 49341.459522 seconds.
  path: Assets/Monqo Lomo Camera/Materials/Material_LomoCamera.mat
  artifactKey: Guid(cc70ce986c0876744bb102e4cfcace51) Importer(815301076,1909f56bfc062723c751e8b465ee728b)
Start importing Assets/Monqo Lomo Camera/Materials/Material_LomoCamera.mat using Guid(cc70ce986c0876744bb102e4cfcace51) Importer(815301076,1909f56bfc062723c751e8b465ee728b)  -> (artifact id: '834cb707c34a39c4329316694986e83f') in 0.389536 seconds 
========================================================================
Received Import Request.
  Time since last request: 0.000039 seconds.
  path: Assets/greyRoadStudio/LowPolyTreePack/Materials/Mat_PineTrunk.mat
  artifactKey: Guid(53c38d3492f12ff48b99b74a4f501353) Importer(815301076,1909f56bfc062723c751e8b465ee728b)
Start importing Assets/greyRoadStudio/LowPolyTreePack/Materials/Mat_PineTrunk.mat using Guid(53c38d3492f12ff48b99b74a4f501353) Importer(815301076,1909f56bfc062723c751e8b465ee728b)  -> (artifact id: '58f2c1c94003c36e96c3a8cc63eda8e1') in 0.088395 seconds 
========================================================================
Received Import Request.
  Time since last request: 0.000048 seconds.
  path: Assets/rhino/索尼相机 (2).3ds
  artifactKey: Guid(be4a178bc7837f34081751a20e1bc6da) Importer(815301076,1909f56bfc062723c751e8b465ee728b)
Start importing Assets/rhino/索尼相机 (2).3ds using Guid(be4a178bc7837f34081751a20e1bc6da) Importer(815301076,1909f56bfc062723c751e8b465ee728b)  -> (artifact id: '594a3ab8136a205bfeef39db1b1f476a') in 3.306320 seconds 
========================================================================
Received Import Request.
  Time since last request: 95.351842 seconds.
  path: Assets/Playground Low Poly/Materials/M_Ground.mat
  artifactKey: Guid(66c7dbe36cfd0b9429efe251cec3b33d) Importer(815301076,1909f56bfc062723c751e8b465ee728b)
Start importing Assets/Playground Low Poly/Materials/M_Ground.mat using Guid(66c7dbe36cfd0b9429efe251cec3b33d) Importer(815301076,1909f56bfc062723c751e8b465ee728b)  -> (artifact id: '79b872a3182bc0ec6eb803057e37235b') in 0.035346 seconds 
========================================================================
Received Import Request.
  Time since last request: 0.004833 seconds.
  path: Assets/BrokenVector/LowPolyTreePack/Materials/Dry.mat
  artifactKey: Guid(894583d895d58b444b8e8b67169bd2a4) Importer(815301076,1909f56bfc062723c751e8b465ee728b)
Start importing Assets/BrokenVector/LowPolyTreePack/Materials/Dry.mat using Guid(894583d895d58b444b8e8b67169bd2a4) Importer(815301076,1909f56bfc062723c751e8b465ee728b)  -> (artifact id: 'c072c660a68a921000c2e15866bb5232') in 0.034857 seconds 
========================================================================
Received Import Request.
  Time since last request: 0.000032 seconds.
  path: Assets/Whaleride/Hand Painted Tree A (2021 Collection)/Materials, Textures/leaves_green.mat
  artifactKey: Guid(5a2ae8b729ddabf47a61cd3ee50aabcf) Importer(815301076,1909f56bfc062723c751e8b465ee728b)
Start importing Assets/Whaleride/Hand Painted Tree A (2021 Collection)/Materials, Textures/leaves_green.mat using Guid(5a2ae8b729ddabf47a61cd3ee50aabcf) Importer(815301076,1909f56bfc062723c751e8b465ee728b)  -> (artifact id: 'f15a0be69f35b9ccd1c096f644ccd2e9') in 0.140888 seconds 
========================================================================
Received Import Request.
  Time since last request: 0.000031 seconds.
  path: Assets/Supercyan Free Forest Sample/Materials/Mobile/Tree/forestpack_tree_fir_low.mat
  artifactKey: Guid(74112b16490588944bcb0bb101875a97) Importer(815301076,1909f56bfc062723c751e8b465ee728b)
Start importing Assets/Supercyan Free Forest Sample/Materials/Mobile/Tree/forestpack_tree_fir_low.mat using Guid(74112b16490588944bcb0bb101875a97) Importer(815301076,1909f56bfc062723c751e8b465ee728b)  -> (artifact id: '2b88940e75b0b96c5db872870240cb14') in 0.143053 seconds 
========================================================================
Received Import Request.
  Time since last request: 0.000039 seconds.
  path: Assets/Supercyan Free Forest Sample/Materials/High Quality/Skybox/forestpack_skybox_lighter.mat
  artifactKey: Guid(63c7f212f60aadc47945b935dc40e7c0) Importer(815301076,1909f56bfc062723c751e8b465ee728b)
Start importing Assets/Supercyan Free Forest Sample/Materials/High Quality/Skybox/forestpack_skybox_lighter.mat using Guid(63c7f212f60aadc47945b935dc40e7c0) Importer(815301076,1909f56bfc062723c751e8b465ee728b)  -> (artifact id: '20cd9be51b5a36938cb45589e07f8e82') in 0.278562 seconds 
========================================================================
Received Import Request.
  Time since last request: 0.000043 seconds.
  path: Assets/Supercyan Free Forest Sample/Materials/High Quality/Foliage/forestpack_foliage.mat
  artifactKey: Guid(7a8b02b78b9ba2b46bf67cddab7b9947) Importer(815301076,1909f56bfc062723c751e8b465ee728b)
Start importing Assets/Supercyan Free Forest Sample/Materials/High Quality/Foliage/forestpack_foliage.mat using Guid(7a8b02b78b9ba2b46bf67cddab7b9947) Importer(815301076,1909f56bfc062723c751e8b465ee728b)  -> (artifact id: '3cbbe6bc2203f431f41f84ee4868fa0f') in 0.202706 seconds 
========================================================================
Received Import Request.
  Time since last request: 0.000046 seconds.
  path: Assets/Whaleride/Hand Painted Tree A (2021 Collection)/Materials, Textures/leaves_blue.mat
  artifactKey: Guid(cd4838dd636aa784f8ac06d030d33700) Importer(815301076,1909f56bfc062723c751e8b465ee728b)
Start importing Assets/Whaleride/Hand Painted Tree A (2021 Collection)/Materials, Textures/leaves_blue.mat using Guid(cd4838dd636aa784f8ac06d030d33700) Importer(815301076,1909f56bfc062723c751e8b465ee728b)  -> (artifact id: 'f309016c9e40667282004905574c507a') in 0.030795 seconds 
========================================================================
Received Import Request.
  Time since last request: 0.000047 seconds.
  path: Assets/Supercyan Free Forest Sample/Materials/Mobile/Tree/forestpack_treeStumpAndRoot_low.mat
  artifactKey: Guid(afa31e083c38f8b42aa842d0ff23a5d3) Importer(815301076,1909f56bfc062723c751e8b465ee728b)
Start importing Assets/Supercyan Free Forest Sample/Materials/Mobile/Tree/forestpack_treeStumpAndRoot_low.mat using Guid(afa31e083c38f8b42aa842d0ff23a5d3) Importer(815301076,1909f56bfc062723c751e8b465ee728b)  -> (artifact id: '3cc8679a39c6cfc8387cab1ea1ae19f2') in 0.030262 seconds 
========================================================================
Received Import Request.
  Time since last request: 0.000037 seconds.
  path: Assets/Supercyan Free Forest Sample/Materials/High Quality/Tree/forestpack_tree_fir.mat
  artifactKey: Guid(eaced99e50210cd40ac0719cae139991) Importer(815301076,1909f56bfc062723c751e8b465ee728b)
Start importing Assets/Supercyan Free Forest Sample/Materials/High Quality/Tree/forestpack_tree_fir.mat using Guid(eaced99e50210cd40ac0719cae139991) Importer(815301076,1909f56bfc062723c751e8b465ee728b)  -> (artifact id: 'fd3069de48d5e560afa97376dc3ccce7') in 0.038463 seconds 
Editor requested this worker to shutdown with reason: Scaling down because of idle timeout
AssetImportWorker is now disconnected from the server
Process exiting
Exiting without the bug reporter. Application will terminate with return code 0